#
# A fatal error has been detected by the Java Runtime Environment:
#
#  EXCEPTION_ACCESS_VIOLATION (0xc0000005) at pc=0x0000000051019e80, pid=38864, tid=0x0000000000004464
#
# JRE version: Java(TM) SE Runtime Environment (8.0_111-b14) (build 1.8.0_111-b14)
# Java VM: Java HotSpot(TM) 64-Bit Server VM (25.111-b14 mixed mode windows-amd64 compressed oops)
# Problematic frame:
# V  [jvm.dll+0x129e80]
#
# Failed to write core dump. Minidumps are not enabled by default on client versions of Windows
#
# If you would like to submit a bug report, please visit:
#   http://bugreport.java.com/bugreport/crash.jsp
#

---------------  T H R E A D  ---------------

Current thread (0x000000001e3be800):  JavaThread "http-nio-8080-exec-9" daemon [_thread_in_vm, id=17508, stack(0x0000000020da0000,0x0000000020ea0000)]

siginfo: ExceptionCode=0xc0000005, reading address 0x0000000000000008

Registers:
RAX=0x0000000020e97900, RBX=0x0000000000000000, RCX=0x0000000000000000, RDX=0x000000001e3be800
RSP=0x0000000020e978c8, RBP=0x0000000020e97f90, RSI=0x000000001e3be800, RDI=0x000000001e3be800
R8 =0x00000000036a0000, R9 =0x0000000000000006, R10=0x0000000000000000, R11=0x0000000020e978b0
R12=0x0000000000000000, R13=0x0000000000000000, R14=0x0000000020e98178, R15=0x000000001e3be800
RIP=0x0000000051019e80, EFLAGS=0x0000000000010246

Top of Stack: (sp=0x0000000020e978c8)
0x0000000020e978c8:   000000005111e7b9 000000001e39f868
0x0000000020e978d8:   000000001e3be800 000000001e3be800
0x0000000020e978e8:   0000000000000000 0000000000000000
0x0000000020e978f8:   0000000019fdc780 0000000020e97fa0
0x0000000020e97908:   00000000036a08da 00000000036a0790
0x0000000020e97918:   0000000000000000 0000000020e980d0
0x0000000020e97928:   0000000020e97fa0 000000001e3be800
0x0000000020e97938:   0000000701013a30 0000000781a69b50
0x0000000020e97948:   00000000036a0827 00000000037b9ee0
0x0000000020e97958:   0000000000000000 0000000000000000
0x0000000020e97968:   0000000020e98178 000000001e3be800
0x0000000020e97978:   00000000036a5620 000000000000027f
0x0000000020e97988:   0000000004109d3c 0000000020e9daa0
0x0000000020e97998:   0000ffff00001fa0 0000000000000000
0x0000000020e979a8:   0000000000000000 0000000000000000
0x0000000020e979b8:   0000000000000000 0000000000000000 

Instructions: (pc=0x0000000051019e80)
0x0000000051019e60:   48 3b c2 77 f3 41 0f b7 40 20 4a 8d 4c 00 30 48
0x0000000051019e70:   3b d1 73 e4 41 2b d0 8d 42 d0 c3 33 c0 c3 cc cc
0x0000000051019e80:   48 8b 41 08 48 63 d2 48 8d 44 10 30 c3 cc cc cc
0x0000000051019e90:   48 8b 41 08 48 8b 48 08 48 8b 41 18 48 8b 40 10 


Register to memory mapping:

RAX=0x0000000020e97900 is pointing into the stack for thread: 0x000000001e3be800
RBX=0x0000000000000000 is an unknown value
RCX=0x0000000000000000 is an unknown value
RDX=0x000000001e3be800 is a thread
RSP=0x0000000020e978c8 is pointing into the stack for thread: 0x000000001e3be800
RBP=0x0000000020e97f90 is pointing into the stack for thread: 0x000000001e3be800
RSI=0x000000001e3be800 is a thread
RDI=0x000000001e3be800 is a thread
R8 =0x00000000036a0000 is an unknown value
R9 =0x0000000000000006 is an unknown value
R10=0x0000000000000000 is an unknown value
R11=0x0000000020e978b0 is pointing into the stack for thread: 0x000000001e3be800
R12=0x0000000000000000 is an unknown value
R13=0x0000000000000000 is an unknown value
R14=0x0000000020e98178 is pointing into the stack for thread: 0x000000001e3be800
R15=0x000000001e3be800 is a thread


Stack: [0x0000000020da0000,0x0000000020ea0000],  sp=0x0000000020e978c8,  free space=990k
Native frames: (J=compiled Java code, j=interpreted, Vv=VM code, C=native code)
V  [jvm.dll+0x129e80]

Java frames: (J=compiled Java code, j=interpreted, Vv=VM code)
v  ~RuntimeStub::StackOverflowError throw_exception
v  ~StubRoutines::call_stub
J 871  java.lang.ClassLoader.defineClass1(Ljava/lang/String;[BIILjava/security/ProtectionDomain;Ljava/lang/String;)Ljava/lang/Class; (0 bytes) @ 0x00000000039160df [0x0000000003916040+0x9f]
J 811 C1 java.lang.ClassLoader.defineClass(Ljava/lang/String;[BIILjava/security/ProtectionDomain;)Ljava/lang/Class; (43 bytes) @ 0x00000000039000cc [0x00000000038fffa0+0x12c]
J 814 C1 java.net.URLClassLoader.defineClass(Ljava/lang/String;Lsun/misc/Resource;)Ljava/lang/Class; (142 bytes) @ 0x000000000390287c [0x0000000003901e60+0xa1c]
J 736 C1 java.net.URLClassLoader$1.run()Ljava/lang/Class; (63 bytes) @ 0x00000000038e191c [0x00000000038e1840+0xdc]
J 735 C1 java.net.URLClassLoader$1.run()Ljava/lang/Object; (5 bytes) @ 0x00000000038e151c [0x00000000038e14e0+0x3c]
v  ~StubRoutines::call_stub
J 734  java.security.AccessController.doPrivileged(Ljava/security/PrivilegedExceptionAction;Ljava/security/AccessControlContext;)Ljava/lang/Object; (0 bytes) @ 0x00000000038e11a6 [0x00000000038e1140+0x66]
J 519 C1 java.net.URLClassLoader.findClass(Ljava/lang/String;)Ljava/lang/Class; (47 bytes) @ 0x0000000003890224 [0x0000000003890160+0xc4]
j  java.lang.ClassLoader.loadClass(Ljava/lang/String;Z)Ljava/lang/Class;+70
J 723 C1 sun.misc.Launcher$AppClassLoader.loadClass(Ljava/lang/String;Z)Ljava/lang/Class; (85 bytes) @ 0x00000000038dbdcc [0x00000000038dbac0+0x30c]
J 552 C1 java.lang.ClassLoader.loadClass(Ljava/lang/String;)Ljava/lang/Class; (7 bytes) @ 0x000000000389977c [0x0000000003899720+0x5c]
v  ~StubRoutines::call_stub
j  okhttp3.internal.connection.ExchangeFinder.find(Lokhttp3/OkHttpClient;Lokhttp3/Interceptor$Chain;Z)Lokhttp3/internal/http/ExchangeCodec;+48
j  okhttp3.internal.connection.Transmitter.newExchange(Lokhttp3/Interceptor$Chain;Z)Lokhttp3/internal/connection/Exchange;+63
j  okhttp3.internal.connection.ConnectInterceptor.intercept(Lokhttp3/Interceptor$Chain;)Lokhttp3/Response;+40
J 6098 C1 okhttp3.internal.http.RealInterceptorChain.proceed(Lokhttp3/Request;Lokhttp3/internal/connection/Transmitter;Lokhttp3/internal/connection/Exchange;)Lokhttp3/Response; (378 bytes) @ 0x0000000004236ac4 [0x0000000004236840+0x284]
J 6018 C1 okhttp3.internal.http.RealInterceptorChain.proceed(Lokhttp3/Request;)Lokhttp3/Response; (14 bytes) @ 0x00000000042097bc [0x0000000004209760+0x5c]
j  okhttp3.internal.cache.CacheInterceptor.intercept(Lokhttp3/Interceptor$Chain;)Lokhttp3/Response;+192
J 6098 C1 okhttp3.internal.http.RealInterceptorChain.proceed(Lokhttp3/Request;Lokhttp3/internal/connection/Transmitter;Lokhttp3/internal/connection/Exchange;)Lokhttp3/Response; (378 bytes) @ 0x0000000004236ac4 [0x0000000004236840+0x284]
J 6018 C1 okhttp3.internal.http.RealInterceptorChain.proceed(Lokhttp3/Request;)Lokhttp3/Response; (14 bytes) @ 0x00000000042097bc [0x0000000004209760+0x5c]
j  okhttp3.internal.http.BridgeInterceptor.intercept(Lokhttp3/Interceptor$Chain;)Lokhttp3/Response;+238
J 6098 C1 okhttp3.internal.http.RealInterceptorChain.proceed(Lokhttp3/Request;Lokhttp3/internal/connection/Transmitter;Lokhttp3/internal/connection/Exchange;)Lokhttp3/Response; (378 bytes) @ 0x0000000004236ac4 [0x0000000004236840+0x284]
j  okhttp3.internal.http.RetryAndFollowUpInterceptor.intercept(Lokhttp3/Interceptor$Chain;)Lokhttp3/Response;+56
J 6098 C1 okhttp3.internal.http.RealInterceptorChain.proceed(Lokhttp3/Request;Lokhttp3/internal/connection/Transmitter;Lokhttp3/internal/connection/Exchange;)Lokhttp3/Response; (378 bytes) @ 0x0000000004236ac4 [0x0000000004236840+0x284]
J 6018 C1 okhttp3.internal.http.RealInterceptorChain.proceed(Lokhttp3/Request;)Lokhttp3/Response; (14 bytes) @ 0x00000000042097bc [0x0000000004209760+0x5c]
j  io.fabric8.kubernetes.client.utils.BackwardsCompatibilityInterceptor.intercept(Lokhttp3/Interceptor$Chain;)Lokhttp3/Response;+9
J 6098 C1 okhttp3.internal.http.RealInterceptorChain.proceed(Lokhttp3/Request;Lokhttp3/internal/connection/Transmitter;Lokhttp3/internal/connection/Exchange;)Lokhttp3/Response; (378 bytes) @ 0x0000000004236ac4 [0x0000000004236840+0x284]
J 6018 C1 okhttp3.internal.http.RealInterceptorChain.proceed(Lokhttp3/Request;)Lokhttp3/Response; (14 bytes) @ 0x00000000042097bc [0x0000000004209760+0x5c]
j  io.fabric8.kubernetes.client.utils.ImpersonatorInterceptor.intercept(Lokhttp3/Interceptor$Chain;)Lokhttp3/Response;+247
J 6098 C1 okhttp3.internal.http.RealInterceptorChain.proceed(Lokhttp3/Request;Lokhttp3/internal/connection/Transmitter;Lokhttp3/internal/connection/Exchange;)Lokhttp3/Response; (378 bytes) @ 0x0000000004236ac4 [0x0000000004236840+0x284]
J 6018 C1 okhttp3.internal.http.RealInterceptorChain.proceed(Lokhttp3/Request;)Lokhttp3/Response; (14 bytes) @ 0x00000000042097bc [0x0000000004209760+0x5c]
j  io.fabric8.kubernetes.client.utils.HttpClientUtils.lambda$createHttpClient$3(Lio/fabric8/kubernetes/client/Config;Lokhttp3/Interceptor$Chain;)Lokhttp3/Response;+124
j  io.fabric8.kubernetes.client.utils.HttpClientUtils$$Lambda$640.intercept(Lokhttp3/Interceptor$Chain;)Lokhttp3/Response;+5
J 6098 C1 okhttp3.internal.http.RealInterceptorChain.proceed(Lokhttp3/Request;Lokhttp3/internal/connection/Transmitter;Lokhttp3/internal/connection/Exchange;)Lokhttp3/Response; (378 bytes) @ 0x0000000004236ac4 [0x0000000004236840+0x284]
J 6018 C1 okhttp3.internal.http.RealInterceptorChain.proceed(Lokhttp3/Request;)Lokhttp3/Response; (14 bytes) @ 0x00000000042097bc [0x0000000004209760+0x5c]
j  okhttp3.RealCall.getResponseWithInterceptorChain()Lokhttp3/Response;+187
j  okhttp3.RealCall.execute()Lokhttp3/Response;+62
j  io.fabric8.kubernetes.client.dsl.base.OperationSupport.handleResponse(Lokhttp3/OkHttpClient;Lokhttp3/Request$Builder;Ljava/lang/Class;Ljava/util/Map;)Ljava/lang/Object;+23
j  io.fabric8.kubernetes.client.dsl.base.OperationSupport.handleResponse(Lokhttp3/Request$Builder;Ljava/lang/Class;Ljava/util/Map;)Ljava/lang/Object;+8
j  io.fabric8.kubernetes.client.dsl.base.OperationSupport.handleResponse(Lokhttp3/Request$Builder;Ljava/lang/Class;)Ljava/lang/Object;+6
j  io.fabric8.kubernetes.client.dsl.base.BaseOperation.listRequestHelper(Ljava/net/URL;)Lio/fabric8/kubernetes/api/model/KubernetesResourceList;+54
j  io.fabric8.kubernetes.client.dsl.base.BaseOperation.list()Lio/fabric8/kubernetes/api/model/KubernetesResourceList;+13
j  io.fabric8.kubernetes.client.dsl.base.BaseOperation.list()Ljava/lang/Object;+1
j  com.c3stones.client.Kubes.findPod(Ljava/lang/String;)Ljava/util/List;+17
j  com.c3stones.controller.PodController.listData(Ljava/lang/String;)Lcom/c3stones/common/Response;+16
j  sun.reflect.GeneratedMethodAccessor169.invoke(Ljava/lang/Object;[Ljava/lang/Object;)Ljava/lang/Object;+40
J 1824 C1 sun.reflect.DelegatingMethodAccessorImpl.invoke(Ljava/lang/Object;[Ljava/lang/Object;)Ljava/lang/Object; (10 bytes) @ 0x0000000003a8fcc4 [0x0000000003a8fc60+0x64]
J 1823 C1 java.lang.reflect.Method.invoke(Ljava/lang/Object;[Ljava/lang/Object;)Ljava/lang/Object; (62 bytes) @ 0x0000000003a8f89c [0x0000000003a8f760+0x13c]
j  org.springframework.web.method.support.InvocableHandlerMethod.doInvoke([Ljava/lang/Object;)Ljava/lang/Object;+16
j  org.springframework.web.method.support.InvocableHandlerMethod.invokeForRequest(Lorg/springframework/web/context/request/NativeWebRequest;Lorg/springframework/web/method/support/ModelAndViewContainer;[Ljava/lang/Object;)Ljava/lang/Object;+56
j  org.springframework.web.servlet.mvc.method.annotation.ServletInvocableHandlerMethod.invokeAndHandle(Lorg/springframework/web/context/request/ServletWebRequest;Lorg/springframework/web/method/support/ModelAndViewContainer;[Ljava/lang/Object;)V+4
j  org.springframework.web.servlet.mvc.method.annotation.RequestMappingHandlerAdapter.invokeHandlerMethod(Ljavax/servlet/http/HttpServletRequest;Ljavax/servlet/http/HttpServletResponse;Lorg/springframework/web/method/HandlerMethod;)Lorg/springframework/web/servlet/ModelAndView;+244
j  org.springframework.web.servlet.mvc.method.annotation.RequestMappingHandlerAdapter.handleInternal(Ljavax/servlet/http/HttpServletRequest;Ljavax/servlet/http/HttpServletResponse;Lorg/springframework/web/method/HandlerMethod;)Lorg/springframework/web/servlet/ModelAndView;+81
j  org.springframework.web.servlet.mvc.method.AbstractHandlerMethodAdapter.handle(Ljavax/servlet/http/HttpServletRequest;Ljavax/servlet/http/HttpServletResponse;Ljava/lang/Object;)Lorg/springframework/web/servlet/ModelAndView;+7
j  org.springframework.web.servlet.DispatcherServlet.doDispatch(Ljavax/servlet/http/HttpServletRequest;Ljavax/servlet/http/HttpServletResponse;)V+257
j  org.springframework.web.servlet.DispatcherServlet.doService(Ljavax/servlet/http/HttpServletRequest;Ljavax/servlet/http/HttpServletResponse;)V+212
j  org.springframework.web.servlet.FrameworkServlet.processRequest(Ljavax/servlet/http/HttpServletRequest;Ljavax/servlet/http/HttpServletResponse;)V+71
j  org.springframework.web.servlet.FrameworkServlet.doGet(Ljavax/servlet/http/HttpServletRequest;Ljavax/servlet/http/HttpServletResponse;)V+3
j  javax.servlet.http.HttpServlet.service(Ljavax/servlet/http/HttpServletRequest;Ljavax/servlet/http/HttpServletResponse;)V+35
j  org.springframework.web.servlet.FrameworkServlet.service(Ljavax/servlet/http/HttpServletRequest;Ljavax/servlet/http/HttpServletResponse;)V+33
j  javax.servlet.http.HttpServlet.service(Ljavax/servlet/ServletRequest;Ljavax/servlet/ServletResponse;)V+36
j  org.apache.catalina.core.ApplicationFilterChain.internalDoFilter(Ljavax/servlet/ServletRequest;Ljavax/servlet/ServletResponse;)V+304
J 6408 C1 org.apache.catalina.core.ApplicationFilterChain.doFilter(Ljavax/servlet/ServletRequest;Ljavax/servlet/ServletResponse;)V (105 bytes) @ 0x00000000042c8cb4 [0x00000000042c8c60+0x54]
j  org.apache.tomcat.websocket.server.WsFilter.doFilter(Ljavax/servlet/ServletRequest;Ljavax/servlet/ServletResponse;Ljavax/servlet/FilterChain;)V+21
j  org.apache.catalina.core.ApplicationFilterChain.internalDoFilter(Ljavax/servlet/ServletRequest;Ljavax/servlet/ServletResponse;)V+135
J 6408 C1 org.apache.catalina.core.ApplicationFilterChain.doFilter(Ljavax/servlet/ServletRequest;Ljavax/servlet/ServletResponse;)V (105 bytes) @ 0x00000000042c8cb4 [0x00000000042c8c60+0x54]
j  com.c3stones.filter.XssFilter.doFilter(Ljavax/servlet/ServletRequest;Ljavax/servlet/ServletResponse;Ljavax/servlet/FilterChain;)V+51
j  org.apache.catalina.core.ApplicationFilterChain.internalDoFilter(Ljavax/servlet/ServletRequest;Ljavax/servlet/ServletResponse;)V+135
J 6408 C1 org.apache.catalina.core.ApplicationFilterChain.doFilter(Ljavax/servlet/ServletRequest;Ljavax/servlet/ServletResponse;)V (105 bytes) @ 0x00000000042c8cb4 [0x00000000042c8c60+0x54]
j  com.c3stones.filter.SqlInjectFilter.doFilter(Ljavax/servlet/ServletRequest;Ljavax/servlet/ServletResponse;Ljavax/servlet/FilterChain;)V+51
j  org.apache.catalina.core.ApplicationFilterChain.internalDoFilter(Ljavax/servlet/ServletRequest;Ljavax/servlet/ServletResponse;)V+135
J 6408 C1 org.apache.catalina.core.ApplicationFilterChain.doFilter(Ljavax/servlet/ServletRequest;Ljavax/servlet/ServletResponse;)V (105 bytes) @ 0x00000000042c8cb4 [0x00000000042c8c60+0x54]
j  com.c3stones.filter.CsrfFilter.doFilter(Ljavax/servlet/ServletRequest;Ljavax/servlet/ServletResponse;Ljavax/servlet/FilterChain;)V+111
j  org.apache.catalina.core.ApplicationFilterChain.internalDoFilter(Ljavax/servlet/ServletRequest;Ljavax/servlet/ServletResponse;)V+135
J 6408 C1 org.apache.catalina.core.ApplicationFilterChain.doFilter(Ljavax/servlet/ServletRequest;Ljavax/servlet/ServletResponse;)V (105 bytes) @ 0x00000000042c8cb4 [0x00000000042c8c60+0x54]
j  org.springframework.web.filter.RequestContextFilter.doFilterInternal(Ljavax/servlet/http/HttpServletRequest;Ljavax/servlet/http/HttpServletResponse;Ljavax/servlet/FilterChain;)V+21
j  org.springframework.web.filter.OncePerRequestFilter.doFilter(Ljavax/servlet/ServletRequest;Ljavax/servlet/ServletResponse;Ljavax/servlet/FilterChain;)V+147
j  org.apache.catalina.core.ApplicationFilterChain.internalDoFilter(Ljavax/servlet/ServletRequest;Ljavax/servlet/ServletResponse;)V+135
J 6408 C1 org.apache.catalina.core.ApplicationFilterChain.doFilter(Ljavax/servlet/ServletRequest;Ljavax/servlet/ServletResponse;)V (105 bytes) @ 0x00000000042c8cb4 [0x00000000042c8c60+0x54]
j  org.springframework.web.filter.FormContentFilter.doFilterInternal(Ljavax/servlet/http/HttpServletRequest;Ljavax/servlet/http/HttpServletResponse;Ljavax/servlet/FilterChain;)V+38
j  org.springframework.web.filter.OncePerRequestFilter.doFilter(Ljavax/servlet/ServletRequest;Ljavax/servlet/ServletResponse;Ljavax/servlet/FilterChain;)V+147
j  org.apache.catalina.core.ApplicationFilterChain.internalDoFilter(Ljavax/servlet/ServletRequest;Ljavax/servlet/ServletResponse;)V+135
J 6408 C1 org.apache.catalina.core.ApplicationFilterChain.doFilter(Ljavax/servlet/ServletRequest;Ljavax/servlet/ServletResponse;)V (105 bytes) @ 0x00000000042c8cb4 [0x00000000042c8c60+0x54]
j  org.springframework.web.filter.CharacterEncodingFilter.doFilterInternal(Ljavax/servlet/http/HttpServletRequest;Ljavax/servlet/http/HttpServletResponse;Ljavax/servlet/FilterChain;)V+53
j  org.springframework.web.filter.OncePerRequestFilter.doFilter(Ljavax/servlet/ServletRequest;Ljavax/servlet/ServletResponse;Ljavax/servlet/FilterChain;)V+147
j  org.apache.catalina.core.ApplicationFilterChain.internalDoFilter(Ljavax/servlet/ServletRequest;Ljavax/servlet/ServletResponse;)V+135
J 6408 C1 org.apache.catalina.core.ApplicationFilterChain.doFilter(Ljavax/servlet/ServletRequest;Ljavax/servlet/ServletResponse;)V (105 bytes) @ 0x00000000042c8cb4 [0x00000000042c8c60+0x54]
j  org.apache.catalina.core.StandardWrapperValve.invoke(Lorg/apache/catalina/connector/Request;Lorg/apache/catalina/connector/Response;)V+694
j  org.apache.catalina.core.StandardContextValve.invoke(Lorg/apache/catalina/connector/Request;Lorg/apache/catalina/connector/Response;)V+166
j  org.apache.catalina.authenticator.AuthenticatorBase.invoke(Lorg/apache/catalina/connector/Request;Lorg/apache/catalina/connector/Response;)V+260
j  org.apache.catalina.core.StandardHostValve.invoke(Lorg/apache/catalina/connector/Request;Lorg/apache/catalina/connector/Response;)V+114
j  org.apache.catalina.valves.ErrorReportValve.invoke(Lorg/apache/catalina/connector/Request;Lorg/apache/catalina/connector/Response;)V+6
j  org.apache.catalina.core.StandardEngineValve.invoke(Lorg/apache/catalina/connector/Request;Lorg/apache/catalina/connector/Response;)V+45
j  org.apache.catalina.connector.CoyoteAdapter.service(Lorg/apache/coyote/Request;Lorg/apache/coyote/Response;)V+199
j  org.apache.coyote.http11.Http11Processor.service(Lorg/apache/tomcat/util/net/SocketWrapperBase;)Lorg/apache/tomcat/util/net/AbstractEndpoint$Handler$SocketState;+735
j  org.apache.coyote.AbstractProcessorLight.process(Lorg/apache/tomcat/util/net/SocketWrapperBase;Lorg/apache/tomcat/util/net/SocketEvent;)Lorg/apache/tomcat/util/net/AbstractEndpoint$Handler$SocketState;+170
j  org.apache.coyote.AbstractProtocol$ConnectionHandler.process(Lorg/apache/tomcat/util/net/SocketWrapperBase;Lorg/apache/tomcat/util/net/SocketEvent;)Lorg/apache/tomcat/util/net/AbstractEndpoint$Handler$SocketState;+505
j  org.apache.tomcat.util.net.NioEndpoint$SocketProcessor.doRun()V+214
j  org.apache.tomcat.util.net.SocketProcessorBase.run()V+21
j  java.util.concurrent.ThreadPoolExecutor.runWorker(Ljava/util/concurrent/ThreadPoolExecutor$Worker;)V+95
j  java.util.concurrent.ThreadPoolExecutor$Worker.run()V+5
j  org.apache.tomcat.util.threads.TaskThread$WrappingRunnable.run()V+4
j  java.lang.Thread.run()V+11
v  ~StubRoutines::call_stub

---------------  P R O C E S S  ---------------

Java Threads: ( => current thread )
  0x0000000021e55000 JavaThread "OkHttp ConnectionPool" daemon [_thread_blocked, id=63268, stack(0x0000000028570000,0x0000000028670000)]
  0x0000000021e4f000 JavaThread "OkHttp ConnectionPool" daemon [_thread_blocked, id=4652, stack(0x0000000028470000,0x0000000028570000)]
  0x0000000021e52800 JavaThread "OkHttp ConnectionPool" daemon [_thread_blocked, id=56220, stack(0x0000000028270000,0x0000000028370000)]
  0x0000000021e52000 JavaThread "OkHttp ConnectionPool" daemon [_thread_blocked, id=10752, stack(0x0000000028170000,0x0000000028270000)]
  0x0000000021e4d800 JavaThread "OkHttp ConnectionPool" daemon [_thread_blocked, id=9396, stack(0x0000000028070000,0x0000000028170000)]
  0x0000000021e4e000 JavaThread "OkHttp ConnectionPool" daemon [_thread_blocked, id=62992, stack(0x0000000027f70000,0x0000000028070000)]
  0x0000000021e54000 JavaThread "OkHttp ConnectionPool" daemon [_thread_blocked, id=10580, stack(0x0000000027e70000,0x0000000027f70000)]
  0x0000000021e53800 JavaThread "OkHttp ConnectionPool" daemon [_thread_blocked, id=40744, stack(0x0000000027d70000,0x0000000027e70000)]
  0x000000001e3e4000 JavaThread "OkHttp ConnectionPool" daemon [_thread_blocked, id=45992, stack(0x0000000027c70000,0x0000000027d70000)]
  0x000000002288a800 JavaThread "OkHttp ConnectionPool" daemon [_thread_blocked, id=10332, stack(0x0000000027b70000,0x0000000027c70000)]
  0x0000000022886800 JavaThread "OkHttp ConnectionPool" daemon [_thread_blocked, id=7328, stack(0x0000000027a70000,0x0000000027b70000)]
  0x0000000022886000 JavaThread "OkHttp ConnectionPool" daemon [_thread_blocked, id=58060, stack(0x0000000027970000,0x0000000027a70000)]
  0x0000000022889800 JavaThread "OkHttp ConnectionPool" daemon [_thread_blocked, id=72072, stack(0x0000000027870000,0x0000000027970000)]
  0x0000000022888000 JavaThread "OkHttp ConnectionPool" daemon [_thread_blocked, id=35200, stack(0x0000000027770000,0x0000000027870000)]
  0x000000002288c800 JavaThread "OkHttp ConnectionPool" daemon [_thread_blocked, id=26244, stack(0x0000000027670000,0x0000000027770000)]
  0x0000000022889000 JavaThread "OkHttp ConnectionPool" daemon [_thread_blocked, id=48040, stack(0x0000000027570000,0x0000000027670000)]
  0x000000002288b000 JavaThread "OkHttp ConnectionPool" daemon [_thread_blocked, id=30812, stack(0x0000000027470000,0x0000000027570000)]
  0x000000002288c000 JavaThread "OkHttp ConnectionPool" daemon [_thread_blocked, id=24044, stack(0x0000000027370000,0x0000000027470000)]
  0x0000000022887800 JavaThread "OkHttp ConnectionPool" daemon [_thread_blocked, id=63792, stack(0x0000000027270000,0x0000000027370000)]
  0x000000002287e800 JavaThread "OkHttp ConnectionPool" daemon [_thread_blocked, id=27608, stack(0x0000000023470000,0x0000000023570000)]
  0x0000000022885000 JavaThread "Okio Watchdog" daemon [_thread_blocked, id=14784, stack(0x000000001fea0000,0x000000001ffa0000)]
  0x0000000022884800 JavaThread "OkHttp ConnectionPool" daemon [_thread_blocked, id=63036, stack(0x000000001fda0000,0x000000001fea0000)]
  0x0000000022883800 JavaThread "OkHttp ConnectionPool" daemon [_thread_blocked, id=46936, stack(0x0000000027170000,0x0000000027270000)]
  0x0000000022880000 JavaThread "OkHttp ConnectionPool" daemon [_thread_blocked, id=5736, stack(0x0000000027070000,0x0000000027170000)]
  0x0000000022881800 JavaThread "OkHttp ConnectionPool" daemon [_thread_blocked, id=24728, stack(0x0000000026f70000,0x0000000027070000)]
  0x0000000022882000 JavaThread "OkHttp ConnectionPool" daemon [_thread_blocked, id=63800, stack(0x0000000026e70000,0x0000000026f70000)]
  0x000000002287d800 JavaThread "OkHttp ConnectionPool" daemon [_thread_blocked, id=29284, stack(0x0000000026d70000,0x0000000026e70000)]
  0x0000000022880800 JavaThread "OkHttp ConnectionPool" daemon [_thread_blocked, id=72876, stack(0x0000000026c70000,0x0000000026d70000)]
  0x000000002287f000 JavaThread "OkHttp ConnectionPool" daemon [_thread_blocked, id=37136, stack(0x0000000026b70000,0x0000000026c70000)]
  0x0000000022883000 JavaThread "OkHttp ConnectionPool" daemon [_thread_blocked, id=32072, stack(0x0000000026a70000,0x0000000026b70000)]
  0x00000000228b3800 JavaThread "OkHttp ConnectionPool" daemon [_thread_blocked, id=6784, stack(0x0000000026970000,0x0000000026a70000)]
  0x00000000228b2800 JavaThread "OkHttp ConnectionPool" daemon [_thread_blocked, id=68408, stack(0x0000000026870000,0x0000000026970000)]
  0x00000000228b2000 JavaThread "OkHttp ConnectionPool" daemon [_thread_blocked, id=47524, stack(0x0000000026770000,0x0000000026870000)]
  0x00000000228af000 JavaThread "OkHttp ConnectionPool" daemon [_thread_blocked, id=41832, stack(0x0000000026670000,0x0000000026770000)]
  0x00000000228b0800 JavaThread "OkHttp ConnectionPool" daemon [_thread_blocked, id=27020, stack(0x0000000026570000,0x0000000026670000)]
  0x00000000228ae000 JavaThread "OkHttp ConnectionPool" daemon [_thread_blocked, id=33480, stack(0x0000000026470000,0x0000000026570000)]
  0x00000000228b1000 JavaThread "OkHttp ConnectionPool" daemon [_thread_blocked, id=36424, stack(0x0000000026370000,0x0000000026470000)]
  0x00000000228ad800 JavaThread "OkHttp ConnectionPool" daemon [_thread_blocked, id=53848, stack(0x0000000026270000,0x0000000026370000)]
  0x00000000228af800 JavaThread "OkHttp ConnectionPool" daemon [_thread_blocked, id=26056, stack(0x000000001e8a0000,0x000000001e9a0000)]
  0x00000000228b4000 JavaThread "OkHttp ConnectionPool" daemon [_thread_blocked, id=55824, stack(0x0000000025f70000,0x0000000026070000)]
  0x00000000228a6000 JavaThread "OkHttp ConnectionPool" daemon [_thread_blocked, id=44128, stack(0x0000000025e70000,0x0000000025f70000)]
  0x00000000228ac800 JavaThread "OkHttp ConnectionPool" daemon [_thread_blocked, id=62880, stack(0x0000000025d70000,0x0000000025e70000)]
  0x00000000228a6800 JavaThread "OkHttp ConnectionPool" daemon [_thread_blocked, id=40196, stack(0x0000000025c70000,0x0000000025d70000)]
  0x00000000228ab000 JavaThread "OkHttp ConnectionPool" daemon [_thread_blocked, id=29168, stack(0x0000000025b70000,0x0000000025c70000)]
  0x00000000228a7800 JavaThread "OkHttp ConnectionPool" daemon [_thread_blocked, id=50824, stack(0x0000000025a70000,0x0000000025b70000)]
  0x00000000228aa800 JavaThread "OkHttp ConnectionPool" daemon [_thread_blocked, id=63088, stack(0x0000000025970000,0x0000000025a70000)]
  0x00000000228a9800 JavaThread "OkHttp ConnectionPool" daemon [_thread_blocked, id=40464, stack(0x0000000025870000,0x0000000025970000)]
  0x00000000228a5000 JavaThread "OkHttp ConnectionPool" daemon [_thread_blocked, id=34968, stack(0x0000000025770000,0x0000000025870000)]
  0x00000000228ac000 JavaThread "OkHttp ConnectionPool" daemon [_thread_blocked, id=10060, stack(0x0000000025670000,0x0000000025770000)]
  0x00000000228a9000 JavaThread "OkHttp ConnectionPool" daemon [_thread_blocked, id=44000, stack(0x0000000025570000,0x0000000025670000)]
  0x00000000228a8000 JavaThread "OkHttp ConnectionPool" daemon [_thread_blocked, id=2576, stack(0x00000000214a0000,0x00000000215a0000)]
  0x000000001e3e6800 JavaThread "OkHttp ConnectionPool" daemon [_thread_blocked, id=56836, stack(0x00000000213a0000,0x00000000214a0000)]
  0x000000001e3d9800 JavaThread "OkHttp ConnectionPool" daemon [_thread_blocked, id=23012, stack(0x0000000003290000,0x0000000003390000)]
  0x000000001e3dd000 JavaThread "OkHttp ConnectionPool" daemon [_thread_blocked, id=24128, stack(0x0000000002c60000,0x0000000002d60000)]
  0x00000000221d3000 JavaThread "OkHttp ConnectionPool" daemon [_thread_blocked, id=32672, stack(0x0000000025470000,0x0000000025570000)]
  0x00000000221d2800 JavaThread "OkHttp ConnectionPool" daemon [_thread_blocked, id=34880, stack(0x0000000025370000,0x0000000025470000)]
  0x00000000221ce800 JavaThread "OkHttp ConnectionPool" daemon [_thread_blocked, id=17516, stack(0x0000000025270000,0x0000000025370000)]
  0x00000000221cf800 JavaThread "OkHttp ConnectionPool" daemon [_thread_blocked, id=50896, stack(0x0000000025170000,0x0000000025270000)]
  0x00000000221d1800 JavaThread "OkHttp ConnectionPool" daemon [_thread_blocked, id=26320, stack(0x0000000025070000,0x0000000025170000)]
  0x00000000221d5800 JavaThread "OkHttp ConnectionPool" daemon [_thread_blocked, id=67796, stack(0x0000000024f70000,0x0000000025070000)]
  0x00000000221d4800 JavaThread "OkHttp ConnectionPool" daemon [_thread_blocked, id=50612, stack(0x0000000024e70000,0x0000000024f70000)]
  0x00000000221d4000 JavaThread "OkHttp ConnectionPool" daemon [_thread_blocked, id=54300, stack(0x0000000024d70000,0x0000000024e70000)]
  0x00000000221ce000 JavaThread "OkHttp ConnectionPool" daemon [_thread_blocked, id=65476, stack(0x0000000024c70000,0x0000000024d70000)]
  0x00000000221d1000 JavaThread "OkHttp ConnectionPool" daemon [_thread_blocked, id=36544, stack(0x0000000024b70000,0x0000000024c70000)]
  0x00000000221d0000 JavaThread "OkHttp ConnectionPool" daemon [_thread_blocked, id=65176, stack(0x0000000024a70000,0x0000000024b70000)]
  0x00000000221c6800 JavaThread "OkHttp ConnectionPool" daemon [_thread_blocked, id=69052, stack(0x0000000024970000,0x0000000024a70000)]
  0x00000000221cb800 JavaThread "OkHttp ConnectionPool" daemon [_thread_blocked, id=12796, stack(0x0000000023e70000,0x0000000023f70000)]
  0x00000000221ca000 JavaThread "OkHttp ConnectionPool" daemon [_thread_blocked, id=12024, stack(0x0000000024870000,0x0000000024970000)]
  0x00000000221c9800 JavaThread "OkHttp ConnectionPool" daemon [_thread_blocked, id=60584, stack(0x0000000024770000,0x0000000024870000)]
  0x00000000221c8800 JavaThread "OkHttp ConnectionPool" daemon [_thread_blocked, id=63576, stack(0x0000000024670000,0x0000000024770000)]
  0x00000000221c7000 JavaThread "OkHttp ConnectionPool" daemon [_thread_blocked, id=14072, stack(0x0000000024570000,0x0000000024670000)]
  0x00000000221cc800 JavaThread "OkHttp ConnectionPool" daemon [_thread_blocked, id=41736, stack(0x0000000001390000,0x0000000001490000)]
  0x00000000221c8000 JavaThread "OkHttp ConnectionPool" daemon [_thread_blocked, id=66092, stack(0x0000000024470000,0x0000000024570000)]
  0x00000000221cb000 JavaThread "OkHttp ConnectionPool" daemon [_thread_blocked, id=45300, stack(0x0000000024370000,0x0000000024470000)]
  0x00000000221cd000 JavaThread "OkHttp ConnectionPool" daemon [_thread_blocked, id=46448, stack(0x0000000024270000,0x0000000024370000)]
  0x000000001e3e3800 JavaThread "OkHttp ConnectionPool" daemon [_thread_blocked, id=7300, stack(0x0000000024170000,0x0000000024270000)]
  0x000000001e3e1000 JavaThread "OkHttp ConnectionPool" daemon [_thread_blocked, id=32860, stack(0x0000000023d70000,0x0000000023e70000)]
  0x000000001e3de800 JavaThread "OkHttp ConnectionPool" daemon [_thread_blocked, id=28124, stack(0x0000000023c70000,0x0000000023d70000)]
  0x000000001e3df800 JavaThread "OkHttp ConnectionPool" daemon [_thread_blocked, id=66920, stack(0x0000000023b70000,0x0000000023c70000)]
  0x000000001e3e2800 JavaThread "OkHttp ConnectionPool" daemon [_thread_blocked, id=5496, stack(0x0000000023a70000,0x0000000023b70000)]
  0x000000001e3e5800 JavaThread "OkHttp ConnectionPool" daemon [_thread_blocked, id=53436, stack(0x0000000023970000,0x0000000023a70000)]
  0x000000001e3e2000 JavaThread "OkHttp ConnectionPool" daemon [_thread_blocked, id=52896, stack(0x0000000023870000,0x0000000023970000)]
  0x000000001e3e5000 JavaThread "OkHttp ConnectionPool" daemon [_thread_blocked, id=25056, stack(0x0000000023770000,0x0000000023870000)]
  0x000000001e3d7000 JavaThread "OkHttp ConnectionPool" daemon [_thread_blocked, id=35988, stack(0x0000000022d70000,0x0000000022e70000)]
  0x000000001e3de000 JavaThread "HikariPool-1 housekeeper" daemon [_thread_blocked, id=13684, stack(0x0000000022c70000,0x0000000022d70000)]
  0x000000001e3d8000 JavaThread "DestroyJavaVM" [_thread_blocked, id=1640, stack(0x0000000003390000,0x0000000003490000)]
  0x000000001e3da000 JavaThread "http-nio-8080-Acceptor" daemon [_thread_in_native, id=42760, stack(0x00000000212a0000,0x00000000213a0000)]
  0x000000001e3d8800 JavaThread "http-nio-8080-ClientPoller" daemon [_thread_in_native, id=33864, stack(0x00000000211a0000,0x00000000212a0000)]
  0x000000001e3dc800 JavaThread "http-nio-8080-exec-10" daemon [_thread_blocked, id=52824, stack(0x0000000020ea0000,0x0000000020fa0000)]
=>0x000000001e3be800 JavaThread "http-nio-8080-exec-9" daemon [_thread_in_vm, id=17508, stack(0x0000000020da0000,0x0000000020ea0000)]
  0x000000001e3c4800 JavaThread "http-nio-8080-exec-8" daemon [_thread_blocked, id=68204, stack(0x0000000020ca0000,0x0000000020da0000)]
  0x000000001e3bd800 JavaThread "http-nio-8080-exec-7" daemon [_thread_blocked, id=16708, stack(0x0000000020ba0000,0x0000000020ca0000)]
  0x000000001e3c1800 JavaThread "http-nio-8080-exec-6" daemon [_thread_blocked, id=37396, stack(0x0000000020aa0000,0x0000000020ba0000)]
  0x000000001e3c0800 JavaThread "http-nio-8080-exec-5" daemon [_thread_blocked, id=27828, stack(0x00000000209a0000,0x0000000020aa0000)]
  0x000000001e3c3800 JavaThread "http-nio-8080-exec-4" daemon [_thread_blocked, id=6680, stack(0x00000000208a0000,0x00000000209a0000)]
  0x000000001e3c3000 JavaThread "http-nio-8080-exec-3" daemon [_thread_blocked, id=27484, stack(0x00000000207a0000,0x00000000208a0000)]
  0x000000001e3bf000 JavaThread "http-nio-8080-exec-2" daemon [_thread_blocked, id=57604, stack(0x00000000206a0000,0x00000000207a0000)]
  0x000000001e3c2000 JavaThread "http-nio-8080-exec-1" daemon [_thread_blocked, id=22404, stack(0x00000000205a0000,0x00000000206a0000)]
  0x000000001e3c0000 JavaThread "http-nio-8080-BlockPoller" daemon [_thread_blocked, id=6824, stack(0x00000000201a0000,0x00000000202a0000)]
  0x000000001e28b000 JavaThread "mysql-cj-abandoned-connection-cleanup" daemon [_thread_blocked, id=50384, stack(0x000000001fca0000,0x000000001fda0000)]
  0x000000001e1b2800 JavaThread "container-0" [_thread_blocked, id=57080, stack(0x000000001f9a0000,0x000000001faa0000)]
  0x000000001e1b2000 JavaThread "Catalina-utility-2" [_thread_blocked, id=54468, stack(0x000000001f8a0000,0x000000001f9a0000)]
  0x000000001e1b0000 JavaThread "Catalina-utility-1" [_thread_blocked, id=60544, stack(0x000000001e5a0000,0x000000001e6a0000)]
  0x000000001d899800 JavaThread "RMI Scheduler(0)" daemon [_thread_blocked, id=50128, stack(0x000000001eba0000,0x000000001eca0000)]
  0x000000001c957000 JavaThread "RMI TCP Accept-0" daemon [_thread_in_native, id=58704, stack(0x000000001d090000,0x000000001d190000)]
  0x000000001c7a2800 JavaThread "Service Thread" daemon [_thread_blocked, id=16288, stack(0x000000001cf30000,0x000000001d030000)]
  0x000000001c782000 JavaThread "C1 CompilerThread2" daemon [_thread_blocked, id=6684, stack(0x000000001ce30000,0x000000001cf30000)]
  0x000000001c781800 JavaThread "C2 CompilerThread1" daemon [_thread_blocked, id=2220, stack(0x000000001cd30000,0x000000001ce30000)]
  0x000000001c733000 JavaThread "C2 CompilerThread0" daemon [_thread_blocked, id=50532, stack(0x000000001cc30000,0x000000001cd30000)]
  0x000000001a7d0000 JavaThread "JDWP Command Reader" daemon [_thread_in_native, id=28416, stack(0x000000001c330000,0x000000001c430000)]
  0x000000001a7c2000 JavaThread "JDWP Event Helper Thread" daemon [_thread_blocked, id=68588, stack(0x000000001c230000,0x000000001c330000)]
  0x000000001a7b5000 JavaThread "JDWP Transport Listener: dt_socket" daemon [_thread_blocked, id=47084, stack(0x000000001c130000,0x000000001c230000)]
  0x000000001a7ac000 JavaThread "Attach Listener" daemon [_thread_blocked, id=42136, stack(0x000000001c030000,0x000000001c130000)]
  0x000000001bb72800 JavaThread "Signal Dispatcher" daemon [_thread_blocked, id=25796, stack(0x000000001bf30000,0x000000001c030000)]
  0x000000000358e800 JavaThread "Finalizer" daemon [_thread_blocked, id=3412, stack(0x000000001b9d0000,0x000000001bad0000)]
  0x000000001a748800 JavaThread "Reference Handler" daemon [_thread_blocked, id=49308, stack(0x000000001b8d0000,0x000000001b9d0000)]

Other Threads:
  0x000000001a747800 VMThread [stack: 0x000000001b7d0000,0x000000001b8d0000] [id=44616]
  0x000000001c95b000 WatcherThread [stack: 0x000000001d220000,0x000000001d320000] [id=63228]

VM state:synchronizing (normal execution)

VM Mutex/Monitor currently owned by a thread:  ([mutex/lock_event])
[0x0000000003490550] Threads_lock - owner thread: 0x000000001a747800

Heap:
 PSYoungGen      total 279040K, used 43337K [0x0000000780580000, 0x0000000798c00000, 0x00000007c0000000)
  eden space 257536K, 8% used [0x0000000780580000,0x0000000781ad2ad8,0x0000000790100000)
  from space 21504K, 99% used [0x0000000790100000,0x00000007915ffb68,0x0000000791600000)
  to   space 27648K, 0% used [0x0000000797100000,0x0000000797100000,0x0000000798c00000)
 ParOldGen       total 118784K, used 33556K [0x0000000701000000, 0x0000000708400000, 0x0000000780580000)
  object space 118784K, 28% used [0x0000000701000000,0x00000007030c5100,0x0000000708400000)
 Metaspace       used 54017K, capacity 56810K, committed 56960K, reserved 1099776K
  class space    used 6893K, capacity 7431K, committed 7552K, reserved 1048576K

Card table byte_map: [0x0000000012a60000,0x0000000013060000] byte_map_base: 0x000000000f258000

Marking Bits: (ParMarkBitMap*) 0x000000005170a6c0
 Begin Bits: [0x0000000013860000, 0x0000000016820000)
 End Bits:   [0x0000000016820000, 0x00000000197e0000)

Polling page: 0x0000000001280000

CodeCache: size=245760Kb used=12825Kb max_used=12825Kb free=232934Kb
 bounds [0x00000000036a0000, 0x0000000004330000, 0x00000000126a0000]
 total_blobs=7048 nmethods=6472 adapters=495
 compilation: enabled

Compilation events (10 events):
Event: 276.311 Thread 0x000000001c782000 6583       1       java.util.HashMap$Values::size (8 bytes)
Event: 276.311 Thread 0x000000001c782000 nmethod 6583 0x0000000004328590 code [0x00000000043286e0, 0x00000000043287f0]
Event: 276.882 Thread 0x000000001c782000 6585       1       org.apache.catalina.session.StandardSession::isValid (71 bytes)
Event: 276.882 Thread 0x000000001c782000 nmethod 6585 0x0000000004328890 code [0x0000000004328a00, 0x0000000004328be8]
Event: 276.882 Thread 0x000000001c782000 6586       1       org.springframework.web.servlet.handler.AbstractHandlerMapping::getUrlPathHelper (5 bytes)
Event: 276.882 Thread 0x000000001c782000 nmethod 6586 0x0000000004328c90 code [0x0000000004328de0, 0x0000000004328ef0]
Event: 276.882 Thread 0x000000001c782000 6584       1       org.springframework.web.servlet.FrameworkServlet::getWebApplicationContext (5 bytes)
Event: 276.883 Thread 0x000000001c782000 nmethod 6584 0x0000000004328f50 code [0x00000000043290a0, 0x00000000043291b0]
Event: 276.883 Thread 0x000000001c782000 6587       1       org.springframework.web.servlet.HandlerExecutionChain::getHandler (5 bytes)
Event: 276.883 Thread 0x000000001c782000 nmethod 6587 0x0000000004329210 code [0x0000000004329360, 0x0000000004329470]

GC Heap History (10 events):
Event: 5.545 GC heap before
{Heap before GC invocations=5 (full 1):
 PSYoungGen      total 106496K, used 98304K [0x0000000780580000, 0x000000078d580000, 0x00000007c0000000)
  eden space 98304K, 100% used [0x0000000780580000,0x0000000786580000,0x0000000786580000)
  from space 8192K, 0% used [0x0000000786580000,0x0000000786580000,0x0000000786d80000)
  to   space 8192K, 0% used [0x000000078cd80000,0x000000078cd80000,0x000000078d580000)
 ParOldGen       total 74752K, used 9022K [0x0000000701000000, 0x0000000705900000, 0x0000000780580000)
  object space 74752K, 12% used [0x0000000701000000,0x00000007018cf990,0x0000000705900000)
 Metaspace       used 25735K, capacity 26822K, committed 27008K, reserved 1073152K
  class space    used 3458K, capacity 3693K, committed 3712K, reserved 1048576K
Event: 5.559 GC heap after
Heap after GC invocations=5 (full 1):
 PSYoungGen      total 172032K, used 8168K [0x0000000780580000, 0x000000078d580000, 0x00000007c0000000)
  eden space 163840K, 0% used [0x0000000780580000,0x0000000780580000,0x000000078a580000)
  from space 8192K, 99% used [0x000000078cd80000,0x000000078d57a038,0x000000078d580000)
  to   space 8192K, 0% used [0x000000078c580000,0x000000078c580000,0x000000078cd80000)
 ParOldGen       total 74752K, used 9804K [0x0000000701000000, 0x0000000705900000, 0x0000000780580000)
  object space 74752K, 13% used [0x0000000701000000,0x00000007019930c8,0x0000000705900000)
 Metaspace       used 25735K, capacity 26822K, committed 27008K, reserved 1073152K
  class space    used 3458K, capacity 3693K, committed 3712K, reserved 1048576K
}
Event: 7.711 GC heap before
{Heap before GC invocations=6 (full 1):
 PSYoungGen      total 172032K, used 124575K [0x0000000780580000, 0x000000078d580000, 0x00000007c0000000)
  eden space 163840K, 71% used [0x0000000780580000,0x000000078772dbf8,0x000000078a580000)
  from space 8192K, 99% used [0x000000078cd80000,0x000000078d57a038,0x000000078d580000)
  to   space 8192K, 0% used [0x000000078c580000,0x000000078c580000,0x000000078cd80000)
 ParOldGen       total 74752K, used 9804K [0x0000000701000000, 0x0000000705900000, 0x0000000780580000)
  object space 74752K, 13% used [0x0000000701000000,0x00000007019930c8,0x0000000705900000)
 Metaspace       used 33675K, capacity 35410K, committed 35496K, reserved 1079296K
  class space    used 4529K, capacity 4861K, committed 4864K, reserved 1048576K
Event: 7.736 GC heap after
Heap after GC invocations=6 (full 1):
 PSYoungGen      total 204800K, used 8166K [0x0000000780580000, 0x0000000792280000, 0x00000007c0000000)
  eden space 196608K, 0% used [0x0000000780580000,0x0000000780580000,0x000000078c580000)
  from space 8192K, 99% used [0x000000078c580000,0x000000078cd79a50,0x000000078cd80000)
  to   space 12800K, 0% used [0x0000000791600000,0x0000000791600000,0x0000000792280000)
 ParOldGen       total 74752K, used 13456K [0x0000000701000000, 0x0000000705900000, 0x0000000780580000)
  object space 74752K, 18% used [0x0000000701000000,0x0000000701d24010,0x0000000705900000)
 Metaspace       used 33675K, capacity 35410K, committed 35496K, reserved 1079296K
  class space    used 4529K, capacity 4861K, committed 4864K, reserved 1048576K
}
Event: 7.736 GC heap before
{Heap before GC invocations=7 (full 2):
 PSYoungGen      total 204800K, used 8166K [0x0000000780580000, 0x0000000792280000, 0x00000007c0000000)
  eden space 196608K, 0% used [0x0000000780580000,0x0000000780580000,0x000000078c580000)
  from space 8192K, 99% used [0x000000078c580000,0x000000078cd79a50,0x000000078cd80000)
  to   space 12800K, 0% used [0x0000000791600000,0x0000000791600000,0x0000000792280000)
 ParOldGen       total 74752K, used 13456K [0x0000000701000000, 0x0000000705900000, 0x0000000780580000)
  object space 74752K, 18% used [0x0000000701000000,0x0000000701d24010,0x0000000705900000)
 Metaspace       used 33675K, capacity 35410K, committed 35496K, reserved 1079296K
  class space    used 4529K, capacity 4861K, committed 4864K, reserved 1048576K
Event: 7.844 GC heap after
Heap after GC invocations=7 (full 2):
 PSYoungGen      total 204800K, used 0K [0x0000000780580000, 0x0000000792280000, 0x00000007c0000000)
  eden space 196608K, 0% used [0x0000000780580000,0x0000000780580000,0x000000078c580000)
  from space 8192K, 0% used [0x000000078c580000,0x000000078c580000,0x000000078cd80000)
  to   space 12800K, 0% used [0x0000000791600000,0x0000000791600000,0x0000000792280000)
 ParOldGen       total 118784K, used 16588K [0x0000000701000000, 0x0000000708400000, 0x0000000780580000)
  object space 118784K, 13% used [0x0000000701000000,0x0000000702033160,0x0000000708400000)
 Metaspace       used 33675K, capacity 35410K, committed 35496K, reserved 1079296K
  class space    used 4529K, capacity 4861K, committed 4864K, reserved 1048576K
}
Event: 51.020 GC heap before
{Heap before GC invocations=8 (full 2):
 PSYoungGen      total 204800K, used 196608K [0x0000000780580000, 0x0000000792280000, 0x00000007c0000000)
  eden space 196608K, 100% used [0x0000000780580000,0x000000078c580000,0x000000078c580000)
  from space 8192K, 0% used [0x000000078c580000,0x000000078c580000,0x000000078cd80000)
  to   space 12800K, 0% used [0x0000000791600000,0x0000000791600000,0x0000000792280000)
 ParOldGen       total 118784K, used 16588K [0x0000000701000000, 0x0000000708400000, 0x0000000780580000)
  object space 118784K, 13% used [0x0000000701000000,0x0000000702033160,0x0000000708400000)
 Metaspace       used 50117K, capacity 52360K, committed 52480K, reserved 1095680K
  class space    used 6456K, capacity 6891K, committed 6912K, reserved 1048576K
Event: 51.066 GC heap after
Heap after GC invocations=8 (full 2):
 PSYoungGen      total 270336K, used 12791K [0x0000000780580000, 0x0000000793d00000, 0x00000007c0000000)
  eden space 257536K, 0% used [0x0000000780580000,0x0000000780580000,0x0000000790100000)
  from space 12800K, 99% used [0x0000000791600000,0x000000079227de88,0x0000000792280000)
  to   space 21504K, 0% used [0x0000000790100000,0x0000000790100000,0x0000000791600000)
 ParOldGen       total 118784K, used 29075K [0x0000000701000000, 0x0000000708400000, 0x0000000780580000)
  object space 118784K, 24% used [0x0000000701000000,0x0000000702c64f20,0x0000000708400000)
 Metaspace       used 50117K, capacity 52360K, committed 52480K, reserved 1095680K
  class space    used 6456K, capacity 6891K, committed 6912K, reserved 1048576K
}
Event: 217.330 GC heap before
{Heap before GC invocations=9 (full 2):
 PSYoungGen      total 270336K, used 270327K [0x0000000780580000, 0x0000000793d00000, 0x00000007c0000000)
  eden space 257536K, 100% used [0x0000000780580000,0x0000000790100000,0x0000000790100000)
  from space 12800K, 99% used [0x0000000791600000,0x000000079227de88,0x0000000792280000)
  to   space 21504K, 0% used [0x0000000790100000,0x0000000790100000,0x0000000791600000)
 ParOldGen       total 118784K, used 29075K [0x0000000701000000, 0x0000000708400000, 0x0000000780580000)
  object space 118784K, 24% used [0x0000000701000000,0x0000000702c64f20,0x0000000708400000)
 Metaspace       used 54010K, capacity 56804K, committed 56960K, reserved 1099776K
  class space    used 6892K, capacity 7430K, committed 7552K, reserved 1048576K
Event: 217.373 GC heap after
Heap after GC invocations=9 (full 2):
 PSYoungGen      total 279040K, used 21502K [0x0000000780580000, 0x0000000798c00000, 0x00000007c0000000)
  eden space 257536K, 0% used [0x0000000780580000,0x0000000780580000,0x0000000790100000)
  from space 21504K, 99% used [0x0000000790100000,0x00000007915ffb68,0x0000000791600000)
  to   space 27648K, 0% used [0x0000000797100000,0x0000000797100000,0x0000000798c00000)
 ParOldGen       total 118784K, used 33556K [0x0000000701000000, 0x0000000708400000, 0x0000000780580000)
  object space 118784K, 28% used [0x0000000701000000,0x00000007030c5100,0x0000000708400000)
 Metaspace       used 54010K, capacity 56804K, committed 56960K, reserved 1099776K
  class space    used 6892K, capacity 7430K, committed 7552K, reserved 1048576K
}

Deoptimization events (0 events):
No events

Internal exceptions (10 events):
Event: 89.094 Thread 0x000000001e3c1800 Exception <a 'java/lang/ArrayIndexOutOfBoundsException'> (0x000000078701df60) thrown at [C:\re\workspace\8-2-build-windows-amd64-cygwin\jdk8u111\7883\hotspot\src\share\vm\runtime\sharedRuntime.cpp, line 605]
Event: 89.094 Thread 0x000000001e3c1800 Exception <a 'java/lang/ArrayIndexOutOfBoundsException'> (0x0000000787022170) thrown at [C:\re\workspace\8-2-build-windows-amd64-cygwin\jdk8u111\7883\hotspot\src\share\vm\runtime\sharedRuntime.cpp, line 605]
Event: 89.094 Thread 0x000000001e3c1800 Exception <a 'java/lang/ArrayIndexOutOfBoundsException'> (0x0000000787027ad8) thrown at [C:\re\workspace\8-2-build-windows-amd64-cygwin\jdk8u111\7883\hotspot\src\share\vm\runtime\sharedRuntime.cpp, line 605]
Event: 106.168 Thread 0x000000001e3c3800 Exception <a 'java/lang/ArrayIndexOutOfBoundsException'> (0x000000078950cda0) thrown at [C:\re\workspace\8-2-build-windows-amd64-cygwin\jdk8u111\7883\hotspot\src\share\vm\runtime\sharedRuntime.cpp, line 605]
Event: 106.169 Thread 0x000000001e3c3800 Exception <a 'java/lang/ArrayIndexOutOfBoundsException'> (0x000000078951f9a0) thrown at [C:\re\workspace\8-2-build-windows-amd64-cygwin\jdk8u111\7883\hotspot\src\share\vm\runtime\sharedRuntime.cpp, line 605]
Event: 107.413 Thread 0x000000001e3c0800 Exception <a 'java/lang/reflect/InvocationTargetException'> (0x0000000789fb6bc0) thrown at [C:\re\workspace\8-2-build-windows-amd64-cygwin\jdk8u111\7883\hotspot\src\share\vm\runtime\reflection.cpp, line 1092]
Event: 108.907 Thread 0x000000001e3bd800 Exception <a 'java/lang/reflect/InvocationTargetException'> (0x000000078ad47048) thrown at [C:\re\workspace\8-2-build-windows-amd64-cygwin\jdk8u111\7883\hotspot\src\share\vm\runtime\reflection.cpp, line 1092]
Event: 120.272 Thread 0x000000001e3dc800 Exception <a 'java/lang/reflect/InvocationTargetException'> (0x000000078b89eec0) thrown at [C:\re\workspace\8-2-build-windows-amd64-cygwin\jdk8u111\7883\hotspot\src\share\vm\runtime\reflection.cpp, line 1092]
Event: 277.024 Thread 0x000000001e3be800 Exception <a 'java/lang/OutOfMemoryError': unable to create new native thread> (0x0000000781a5e500) thrown at [C:\re\workspace\8-2-build-windows-amd64-cygwin\jdk8u111\7883\hotspot\src\share\vm\prims\jvm.cpp, line 3029]
Event: 277.025 Thread 0x000000001e3be800 StackOverflowError at 0x00000000037b9ee0

Events (10 events):
Event: 276.896 Thread 0x000000001e3be800 DEOPT PACKING pc=0x00000000042b148c sp=0x0000000020e9c7d0
Event: 276.896 Thread 0x000000001e3be800 DEOPT UNPACKING pc=0x00000000036e787f sp=0x0000000020e9c518 mode 1
Event: 277.024 loading class okhttp3/internal/connection/RouteException
Event: 277.024 loading class okhttp3/internal/connection/RouteException done
Event: 277.024 Thread 0x000000001e3be800 DEOPT PACKING pc=0x00000000038902d1 sp=0x0000000020e9a1a0
Event: 277.024 Thread 0x000000001e3be800 DEOPT UNPACKING pc=0x00000000036e787f sp=0x0000000020e99ef0 mode 1
Event: 277.024 Thread 0x000000001e3be800 DEOPT PACKING pc=0x0000000003e8d944 sp=0x0000000020e9a220
Event: 277.024 Thread 0x000000001e3be800 DEOPT UNPACKING pc=0x00000000036e787f sp=0x0000000020e9a040 mode 1
Event: 277.024 Thread 0x000000001e3be800 DEOPT PACKING pc=0x0000000003e8d88c sp=0x0000000020e9a3b0
Event: 277.024 Thread 0x000000001e3be800 DEOPT UNPACKING pc=0x00000000036e787f sp=0x0000000020e9a1d0 mode 1


Dynamic libraries:
0x00007ff7499a0000 - 0x00007ff7499d7000 	D:\java\app\jdk1.8.0_111\bin\java.exe
0x00007fff032a0000 - 0x00007fff03490000 	C:\Windows\SYSTEM32\ntdll.dll
0x00007fff02900000 - 0x00007fff029b2000 	C:\Windows\System32\KERNEL32.DLL
0x00007fff00dd0000 - 0x00007fff01073000 	C:\Windows\System32\KERNELBASE.dll
0x00007fff01c00000 - 0x00007fff01ca3000 	C:\Windows\System32\ADVAPI32.DLL
0x00007fff02a20000 - 0x00007fff02abe000 	C:\Windows\System32\msvcrt.dll
0x00007fff02710000 - 0x00007fff027a7000 	C:\Windows\System32\sechost.dll
0x00007fff02f30000 - 0x00007fff03050000 	C:\Windows\System32\RPCRT4.dll
0x00007fff016d0000 - 0x00007fff01864000 	C:\Windows\System32\USER32.dll
0x00007fff00230000 - 0x00007fff00251000 	C:\Windows\System32\win32u.dll
0x00007fff01490000 - 0x00007fff014b6000 	C:\Windows\System32\GDI32.dll
0x00007fff00c00000 - 0x00007fff00d94000 	C:\Windows\System32\gdi32full.dll
0x00007fff012b0000 - 0x00007fff0134e000 	C:\Windows\System32\msvcp_win.dll
0x00007fff00380000 - 0x00007fff0047a000 	C:\Windows\System32\ucrtbase.dll
0x00007ffeee780000 - 0x00007ffeeea05000 	C:\Windows\WinSxS\amd64_microsoft.windows.common-controls_6595b64144ccf1df_6.0.18362.418_none_e6c6b287130d565d\COMCTL32.dll
0x00007fff01ce0000 - 0x00007fff02016000 	C:\Windows\System32\combase.dll
0x00007fff011d0000 - 0x00007fff01250000 	C:\Windows\System32\bcryptPrimitives.dll
0x00007fff01cb0000 - 0x00007fff01cde000 	C:\Windows\System32\IMM32.DLL
0x00000000523d0000 - 0x00000000524a2000 	D:\java\app\jdk1.8.0_111\jre\bin\msvcr100.dll
0x0000000050ef0000 - 0x000000005178a000 	D:\java\app\jdk1.8.0_111\jre\bin\server\jvm.dll
0x00007fff03250000 - 0x00007fff03258000 	C:\Windows\System32\PSAPI.DLL
0x00007ffefe320000 - 0x00007ffefe344000 	C:\Windows\SYSTEM32\WINMM.dll
0x00007ffefb950000 - 0x00007ffefb959000 	C:\Windows\SYSTEM32\WSOCK32.dll
0x00007ffef2410000 - 0x00007ffef241a000 	C:\Windows\SYSTEM32\VERSION.dll
0x00007fff02890000 - 0x00007fff028ff000 	C:\Windows\System32\WS2_32.dll
0x00007ffefe2f0000 - 0x00007ffefe31d000 	C:\Windows\SYSTEM32\winmmbase.dll
0x00007fff00260000 - 0x00007fff002aa000 	C:\Windows\System32\cfgmgr32.dll
0x00000000523c0000 - 0x00000000523cf000 	D:\java\app\jdk1.8.0_111\jre\bin\verify.dll
0x0000000052390000 - 0x00000000523b9000 	D:\java\app\jdk1.8.0_111\jre\bin\java.dll
0x0000000052330000 - 0x0000000052365000 	D:\java\app\jdk1.8.0_111\jre\bin\jdwp.dll
0x0000000052320000 - 0x0000000052328000 	D:\java\app\jdk1.8.0_111\jre\bin\npt.dll
0x00000000522b0000 - 0x00000000522d3000 	D:\java\app\jdk1.8.0_111\jre\bin\instrument.dll
0x0000000052370000 - 0x0000000052386000 	D:\java\app\jdk1.8.0_111\jre\bin\zip.dll
0x00007fff02020000 - 0x00007fff02705000 	C:\Windows\System32\SHELL32.dll
0x00007fff014c0000 - 0x00007fff01569000 	C:\Windows\System32\shcore.dll
0x00007fff00480000 - 0x00007fff00bff000 	C:\Windows\System32\windows.storage.dll
0x00007fff001a0000 - 0x00007fff001bf000 	C:\Windows\System32\profapi.dll
0x00007fff001e0000 - 0x00007fff0022a000 	C:\Windows\System32\powrprof.dll
0x00007fff00170000 - 0x00007fff00180000 	C:\Windows\System32\UMPDC.dll
0x00007fff029c0000 - 0x00007fff02a12000 	C:\Windows\System32\shlwapi.dll
0x00007fff00180000 - 0x00007fff00191000 	C:\Windows\System32\kernel.appcore.dll
0x00007fff002b0000 - 0x00007fff002c7000 	C:\Windows\System32\cryptsp.dll
0x0000000052310000 - 0x0000000052319000 	D:\java\app\jdk1.8.0_111\jre\bin\dt_socket.dll
0x00007ffeff980000 - 0x00007ffeff9e7000 	C:\Windows\system32\mswsock.dll
0x0000000052290000 - 0x00000000522aa000 	D:\java\app\jdk1.8.0_111\jre\bin\net.dll
0x00007ffef36e0000 - 0x00007ffef3713000 	C:\Program Files (x86)\Sangfor\SSL\VPN\Sessions\0\ClientComponent\1_SangforNspX64.dll
0x00007fff018e0000 - 0x00007fff01a36000 	C:\Windows\System32\ole32.dll
0x00007fff03050000 - 0x00007fff03114000 	C:\Windows\System32\OLEAUT32.dll
0x00007ffef2250000 - 0x00007ffef2283000 	C:\Program Files (x86)\Sangfor\SSL\ClientComponent\SangforNspX64.dll
0x00007ffeff6d0000 - 0x00007ffeff79a000 	C:\Windows\SYSTEM32\DNSAPI.dll
0x00007fff01a40000 - 0x00007fff01a48000 	C:\Windows\System32\NSI.dll
0x00007ffeff690000 - 0x00007ffeff6ca000 	C:\Windows\SYSTEM32\IPHLPAPI.DLL
0x00007ffef56f0000 - 0x00007ffef56fa000 	C:\Windows\System32\rasadhlp.dll
0x00007ffef7450000 - 0x00007ffef74c7000 	C:\Windows\System32\fwpuclnt.dll
0x00007fff00da0000 - 0x00007fff00dc6000 	C:\Windows\System32\bcrypt.dll
0x0000000052300000 - 0x000000005230d000 	D:\java\app\jdk1.8.0_111\jre\bin\management.dll
0x0000000052270000 - 0x0000000052281000 	D:\java\app\jdk1.8.0_111\jre\bin\nio.dll
0x00007ffeff4f0000 - 0x00007ffeff523000 	C:\Windows\system32\rsaenh.dll
0x00007fff00090000 - 0x00007fff000b5000 	C:\Windows\SYSTEM32\USERENV.dll
0x00007ffeffb50000 - 0x00007ffeffb5c000 	C:\Windows\SYSTEM32\CRYPTBASE.dll
0x00007ffef8890000 - 0x00007ffef88a6000 	C:\Windows\SYSTEM32\dhcpcsvc6.DLL
0x00007ffef8740000 - 0x00007ffef875c000 	C:\Windows\SYSTEM32\dhcpcsvc.DLL
0x00007ffef94b0000 - 0x00007ffef94c6000 	C:\Windows\system32\napinsp.dll
0x00007ffef9050000 - 0x00007ffef906a000 	C:\Windows\system32\pnrpnsp.dll
0x00007ffefafa0000 - 0x00007ffefafae000 	C:\Windows\System32\winrnr.dll
0x00007ffefca50000 - 0x00007ffefca6c000 	C:\Windows\system32\NLAapi.dll
0x00007ffefaca0000 - 0x00007ffefacb5000 	C:\Windows\system32\wshbth.dll
0x0000000052240000 - 0x0000000052264000 	D:\java\app\jdk1.8.0_111\jre\bin\sunec.dll
0x0000000052230000 - 0x000000005223b000 	D:\java\app\jdk1.8.0_111\jre\bin\sunmscapi.dll
0x00007fff01080000 - 0x00007fff011c9000 	C:\Windows\System32\CRYPT32.dll
0x00007fff001c0000 - 0x00007fff001d2000 	C:\Windows\System32\MSASN1.dll
0x00007ffedad60000 - 0x00007ffedaf54000 	C:\Windows\SYSTEM32\dbghelp.dll

VM Arguments:
jvm_args: -agentlib:jdwp=transport=dt_socket,address=127.0.0.1:57383,suspend=y,server=n -XX:TieredStopAtLevel=1 -Xverify:none -Dspring.output.ansi.enabled=always -Dcom.sun.management.jmxremote -Dspring.liveBeansView.mbeanDomain -Dspring.application.admin.enabled=true -javaagent:C:\Users\Administrator\.IntelliJIdea2018.1\system\captureAgent\debugger-agent.jar=file:/C:/Users/Administrator/AppData/Local/Temp/capture.props -Dfile.encoding=UTF-8 
java_command: com.c3stones.Application
java_class_path (initial): D:\java\app\jdk1.8.0_111\jre\lib\charsets.jar;D:\java\app\jdk1.8.0_111\jre\lib\deploy.jar;D:\java\app\jdk1.8.0_111\jre\lib\ext\access-bridge-64.jar;D:\java\app\jdk1.8.0_111\jre\lib\ext\cldrdata.jar;D:\java\app\jdk1.8.0_111\jre\lib\ext\dnsns.jar;D:\java\app\jdk1.8.0_111\jre\lib\ext\jaccess.jar;D:\java\app\jdk1.8.0_111\jre\lib\ext\jfxrt.jar;D:\java\app\jdk1.8.0_111\jre\lib\ext\localedata.jar;D:\java\app\jdk1.8.0_111\jre\lib\ext\nashorn.jar;D:\java\app\jdk1.8.0_111\jre\lib\ext\sunec.jar;D:\java\app\jdk1.8.0_111\jre\lib\ext\sunjce_provider.jar;D:\java\app\jdk1.8.0_111\jre\lib\ext\sunmscapi.jar;D:\java\app\jdk1.8.0_111\jre\lib\ext\sunpkcs11.jar;D:\java\app\jdk1.8.0_111\jre\lib\ext\zipfs.jar;D:\java\app\jdk1.8.0_111\jre\lib\javaws.jar;D:\java\app\jdk1.8.0_111\jre\lib\jce.jar;D:\java\app\jdk1.8.0_111\jre\lib\jfr.jar;D:\java\app\jdk1.8.0_111\jre\lib\jfxswt.jar;D:\java\app\jdk1.8.0_111\jre\lib\jsse.jar;D:\java\app\jdk1.8.0_111\jre\lib\management-agent.jar;D:\java\app\jdk1.8.0_111\jre\lib\plugin.jar;D:\java\app\jdk1.8.0_111\jre\lib\resources.jar;D:\java\app\jdk1.8.0_111\jre\lib\rt.jar;E:\xuanyuan_project\xuanyuan-base-spring-cloud\spring-boot-layui-demo\target\classes;E:\oepn_project\repository\repository\com\baomidou\mybatis-plus-boot-starter\3.3.1\mybatis-plus-boot-starter-3.3.1.jar;E:\oepn_project\repository\repository\com\baomidou\mybatis-plus\3.3.1\mybatis-plus-3.3.1.jar;E:\oepn_project\repository\repository\com\baomidou\mybatis-plus-extension\3.3.1\mybatis-plus-extension-3.3.1.jar;E:\oepn_project\repository\repository\com\baomidou\mybatis-plus-core\3.3.1\mybatis-plus-core-3.3.1.jar;E:\oepn_project\repository\repository\com\baomidou\mybatis-plus-annotation\3.3.1\mybatis-plus-annotation-3.3.1.jar;E:\oepn_project\repository\repository\com\github\jsqlparser\jsqlparser\3.1\jsqlparser-3.1.jar;E:\oepn_project\repository\repository\org\mybatis\mybatis\3.5.3\mybatis-3.5.3.jar;E:\oepn_project\repository\repository\org\mybatis\mybatis-spring\2.0.3\myba
Launcher Type: SUN_STANDARD

Environment Variables:
JAVA_HOME=C:\Program Files\Java\jdk1.7.0_80
PATH=C:\Program Files (x86)\NetSarang\Xshell 6\;D:\java\app\Xftp 6\;C:\ProgramData\Oracle\Java\javapath;C:\Windows\system32;C:\Windows;C:\Windows\System32\Wbem;C:\Windows\System32\WindowsPowerShell\v1.0\;C:\Windows\System32\OpenSSH\;D:\java\app\nodejs\;C:\Program Files\TortoiseSVN\bin;D:\java\app\Git\cmd;C:\Users\Administrator\AppData\Local\Microsoft\WindowsApps;D:\java\app\apache-maven-3.5.4\bin;C:\Program Files\Java\jdk1.7.0_80\bin;d:\java\app\IntelliJ IDEA 2020\bin;;C:\Users\Administrator\AppData\Roaming\npm;D:\java\app\nodejs\node_global;D:\java\app\nodejs;;C:\Program Files (x86)\SSH Communications Security\SSH Secure Shell
USERNAME=Administrator
OS=Windows_NT
PROCESSOR_IDENTIFIER=Intel64 Family 6 Model 69 Stepping 1, GenuineIntel



---------------  S Y S T E M  ---------------

OS: Windows 10.0 , 64 bit Build 18362 (10.0.18362.329)

CPU:total 4 (2 cores per cpu, 2 threads per core) family 6 model 69 stepping 1, cmov, cx8, fxsr, mmx, sse, sse2, sse3, ssse3, sse4.1, sse4.2, popcnt, avx, avx2, aes, clmul, erms, lzcnt, ht, tsc, tscinvbit, bmi1, bmi2

Memory: 4k page, physical 12509548k(1239468k free), swap 15878508k(191596k free)

vm_info: Java HotSpot(TM) 64-Bit Server VM (25.111-b14) for windows-amd64 JRE (1.8.0_111-b14), built on Sep 22 2016 19:24:05 by "java_re" with MS VC++ 10.0 (VS2010)

time: Wed Jan 27 15:05:30 2021
elapsed time: 277 seconds (0d 0h 4m 37s)

